# JRE version: Java(TM) SE Runtime Environment (17.0.4+11) (build 17.0.4+11-LTS-179)
# Java VM: Java HotSpot(TM) 64-Bit Server VM (17.0.4+11-LTS-179, mixed mode, sharing, tiered, compressed oops, compressed class ptrs, g1 gc, windows-amd64)
GC Precious Log:
 CPUs: 4 total, 4 available
 Memory: 3539M
 Large Page Support: Disabled
 NUMA Support: Disabled
 Compressed Oops: Enabled (32-bit)
 Heap Region Size: 1M
 Heap Min Capacity: 8M
 Heap Initial Capacity: 56M
 Heap Max Capacity: 512M
 Pre-touch: Disabled
 Parallel Workers: 4
 Concurrent Workers: 1
 Concurrent Refinement Workers: 4
 Periodic GC: Disabled
Heap:
 garbage-first heap   total 55296K, used 23352K [0x00000000e0000000, 0x0000000100000000)
  region size 1024K, 9 young (9216K), 1 survivors (1024K)
 Metaspace       used 25868K, committed 26240K, reserved 1073152K
  class space    used 3482K, committed 3648K, reserved 1048576K
GC Heap History (16 events):
Event: 6.024 GC heap before
{Heap before GC invocations=0 (full 0):
 garbage-first heap   total 57344K, used 13312K [0x00000000e0000000, 0x0000000100000000)
  region size 1024K, 13 young (13312K), 0 survivors (0K)
 Metaspace       used 3202K, committed 3328K, reserved 1056768K
  class space    used 376K, committed 448K, reserved 1048576K
}
Event: 6.050 GC heap after
{Heap after GC invocations=1 (full 0):
 garbage-first heap   total 57344K, used 7580K [0x00000000e0000000, 0x0000000100000000)
  region size 1024K, 2 young (2048K), 2 survivors (2048K)
 Metaspace       used 3202K, committed 3328K, reserved 1056768K
  class space    used 376K, committed 448K, reserved 1048576K
}
Event: 12.423 GC heap before
{Heap before GC invocations=1 (full 0):
 garbage-first heap   total 57344K, used 14748K [0x00000000e0000000, 0x0000000100000000)
  region size 1024K, 9 young (9216K), 2 survivors (2048K)
 Metaspace       used 5588K, committed 5824K, reserved 1056768K
  class space    used 702K, committed 832K, reserved 1048576K
}
Event: 12.438 GC heap after
{Heap after GC invocations=2 (full 0):
 garbage-first heap   total 57344K, used 9227K [0x00000000e0000000, 0x0000000100000000)
  region size 1024K, 2 young (2048K), 2 survivors (2048K)
 Metaspace       used 5588K, committed 5824K, reserved 1056768K
  class space    used 702K, committed 832K, reserved 1048576K
}
Event: 17.992 GC heap before
{Heap before GC invocations=2 (full 0):
 garbage-first heap   total 57344K, used 22539K [0x00000000e0000000, 0x0000000100000000)
  region size 1024K, 16 young (16384K), 2 survivors (2048K)
 Metaspace       used 8366K, committed 8640K, reserved 1056768K
  class space    used 1146K, committed 1280K, reserved 1048576K
}
Event: 18.008 GC heap after
{Heap after GC invocations=3 (full 0):
 garbage-first heap   total 57344K, used 10199K [0x00000000e0000000, 0x0000000100000000)
  region size 1024K, 1 young (1024K), 1 survivors (1024K)
 Metaspace       used 8366K, committed 8640K, reserved 1056768K
  class space    used 1146K, committed 1280K, reserved 1048576K
}
Event: 24.331 GC heap before
{Heap before GC invocations=3 (full 0):
 garbage-first heap   total 57344K, used 32727K [0x00000000e0000000, 0x0000000100000000)
  region size 1024K, 23 young (23552K), 1 survivors (1024K)
 Metaspace       used 13084K, committed 13376K, reserved 1064960K
  class space    used 1732K, committed 1856K, reserved 1048576K
}
Event: 24.344 GC heap after
{Heap after GC invocations=4 (full 0):
 garbage-first heap   total 57344K, used 11575K [0x00000000e0000000, 0x0000000100000000)
  region size 1024K, 3 young (3072K), 3 survivors (3072K)
 Metaspace       used 13084K, committed 13376K, reserved 1064960K
  class space    used 1732K, committed 1856K, reserved 1048576K
}
Event: 28.524 GC heap before
{Heap before GC invocations=4 (full 0):
 garbage-first heap   total 57344K, used 34103K [0x00000000e0000000, 0x0000000100000000)
  region size 1024K, 26 young (26624K), 3 survivors (3072K)
 Metaspace       used 17467K, committed 17792K, reserved 1064960K
  class space    used 2373K, committed 2560K, reserved 1048576K
}
Event: 28.547 GC heap after
{Heap after GC invocations=5 (full 0):
 garbage-first heap   total 57344K, used 12945K [0x00000000e0000000, 0x0000000100000000)
  region size 1024K, 3 young (3072K), 3 survivors (3072K)
 Metaspace       used 17467K, committed 17792K, reserved 1064960K
  class space    used 2373K, committed 2560K, reserved 1048576K
}
Event: 30.997 GC heap before
{Heap before GC invocations=5 (full 0):
 garbage-first heap   total 57344K, used 34449K [0x00000000e0000000, 0x0000000100000000)
  region size 1024K, 26 young (26624K), 3 survivors (3072K)
 Metaspace       used 21203K, committed 21504K, reserved 1073152K
  class space    used 2900K, committed 3072K, reserved 1048576K
}
Event: 31.013 GC heap after
{Heap after GC invocations=6 (full 0):
 garbage-first heap   total 57344K, used 14332K [0x00000000e0000000, 0x0000000100000000)
  region size 1024K, 3 young (3072K), 3 survivors (3072K)
 Metaspace       used 21203K, committed 21504K, reserved 1073152K
  class space    used 2900K, committed 3072K, reserved 1048576K
}
Event: 35.716 GC heap before
{Heap before GC invocations=7 (full 0):
 garbage-first heap   total 55296K, used 38908K [0x00000000e0000000, 0x0000000100000000)
  region size 1024K, 28 young (28672K), 3 survivors (3072K)
 Metaspace       used 25252K, committed 25600K, reserved 1073152K
  class space    used 3404K, committed 3584K, reserved 1048576K
}
Event: 35.734 GC heap after
{Heap after GC invocations=8 (full 0):
 garbage-first heap   total 55296K, used 15981K [0x00000000e0000000, 0x0000000100000000)
  region size 1024K, 4 young (4096K), 4 survivors (4096K)
 Metaspace       used 25252K, committed 25600K, reserved 1073152K
  class space    used 3404K, committed 3584K, reserved 1048576K
}
Event: 35.937 GC heap before
{Heap before GC invocations=8 (full 0):
 garbage-first heap   total 55296K, used 17005K [0x00000000e0000000, 0x0000000100000000)
  region size 1024K, 5 young (5120K), 4 survivors (4096K)
 Metaspace       used 25370K, committed 25728K, reserved 1073152K
  class space    used 3422K, committed 3584K, reserved 1048576K
}
Event: 35.951 GC heap after
{Heap after GC invocations=9 (full 0):
 garbage-first heap   total 55296K, used 16184K [0x00000000e0000000, 0x0000000100000000)
  region size 1024K, 1 young (1024K), 1 survivors (1024K)
 Metaspace       used 25370K, committed 25728K, reserved 1073152K
  class space    used 3422K, committed 3584K, reserved 1048576K
}

